29.12.2018 16:41:02	This log contains information about the import schema operation into project 'Northwind1.3' on computer 'DESKTOP-DLM25G9' by user 'Korch'.
29.12.2018 16:41:02	Import of database schema has started.
29.12.2018 16:41:03	Gathering database credentials
29.12.2018 16:41:03	Gathering database options
29.12.2018 16:41:03	Gathering generic database scoped configuration option
29.12.2018 16:41:03	Gathering users
29.12.2018 16:41:03	Gathering roles
29.12.2018 16:41:03	Gathering application roles
29.12.2018 16:41:03	Gathering role memberships
29.12.2018 16:41:03	Gathering filegroups
29.12.2018 16:41:03	Gathering full-text catalogs
29.12.2018 16:41:03	Gathering assemblies
29.12.2018 16:41:03	Gathering certificates
29.12.2018 16:41:03	Gathering asymmetric keys
29.12.2018 16:41:03	Gathering symmetric keys
29.12.2018 16:41:03	Gathering encrypted symmetric keys
29.12.2018 16:41:03	Gathering schemas
29.12.2018 16:41:03	Gathering XML schema collections
29.12.2018 16:41:03	Gathering user-defined data types
29.12.2018 16:41:03	Gathering user-defined types
29.12.2018 16:41:03	Gathering table types
29.12.2018 16:41:03	Gathering unique keys for table types
29.12.2018 16:41:03	Gathering primary keys for table types
29.12.2018 16:41:03	Gathering indexes for table types
29.12.2018 16:41:03	Gathering check constraints for table types
29.12.2018 16:41:03	Gathering default constraints for table types
29.12.2018 16:41:03	Gathering partition functions
29.12.2018 16:41:03	Gathering partition schemes
29.12.2018 16:41:03	Gathering functions
29.12.2018 16:41:03	Gathering encrypted functions
29.12.2018 16:41:03	Gathering aggregates
29.12.2018 16:41:03	Gathering procedures
29.12.2018 16:41:03	Gathering encrypted procedures
29.12.2018 16:41:03	Gathering tables
29.12.2018 16:41:03	Gathering primary keys
29.12.2018 16:41:03	Gathering unique constraints
29.12.2018 16:41:03	Gathering foreign keys
29.12.2018 16:41:03	Gathering default constraints
29.12.2018 16:41:03	Gathering check constraints
29.12.2018 16:41:03	Gathering views
29.12.2018 16:41:03	Gathering encrypted views
29.12.2018 16:41:03	Gathering indexes
29.12.2018 16:41:03	Gathering statistics
29.12.2018 16:41:03	Gathering full-text index stoplists
29.12.2018 16:41:03	Gathering search property lists
29.12.2018 16:41:03	Gathering search properties
29.12.2018 16:41:03	Gathering full-text indexes
29.12.2018 16:41:03	Gathering column store indexes
29.12.2018 16:41:03	Gathering spatial indexes
29.12.2018 16:41:03	Gathering XML indexes
29.12.2018 16:41:03	Gathering Selective XML indexes
29.12.2018 16:41:03	Gathering encrypted triggers
29.12.2018 16:41:03	Gathering triggers
29.12.2018 16:41:03	Gathering encrypted and clr ddl triggers
29.12.2018 16:41:03	Gathering ddl triggers
29.12.2018 16:41:03	Gathering synonyms
29.12.2018 16:41:03	Gathering defaults
29.12.2018 16:41:03	Gathering data constraint uddt bindings
29.12.2018 16:41:03	Gathering rules
29.12.2018 16:41:03	Gathering data constraint uddt bindings
29.12.2018 16:41:03	Gathering message types
29.12.2018 16:41:03	Gathering queues
29.12.2018 16:41:03	Gathering contracts
29.12.2018 16:41:03	Gathering services
29.12.2018 16:41:03	Gathering event notifications
29.12.2018 16:41:03	Gathering remote service bindings
29.12.2018 16:41:03	Gathering broker priorities
29.12.2018 16:41:03	Gathering signatures
29.12.2018 16:41:03	Gathering data compression options
29.12.2018 16:41:03	Gathering sequence types
29.12.2018 16:41:03	Gathering security policies
29.12.2018 16:41:03	Gather column encryption keys
29.12.2018 16:41:03	Gathering column master keys
29.12.2018 16:41:03	Gathering external data sources
29.12.2018 16:41:03	Gathering external file formats
29.12.2018 16:41:03	Gathering external tables
29.12.2018 16:41:03	Gathering extended properties
29.12.2018 16:41:03	Gathering credentials
29.12.2018 16:41:03	Gathering logins
29.12.2018 16:41:03	Gathering server audits
29.12.2018 16:41:03	Scanning project for duplicate elements
29.12.2018 16:41:03	Finished duplicate element processing
29.12.2018 16:41:03	Finished importing database.
29.12.2018 16:41:03	A summary of the import was saved to the following location: C:\Users\Korch\source\repos\sqlBasic\Northwind1.3\Import Schema Logs\Northwind1.3_20181229014102.log
29.12.2018 16:41:03	Click Finish to continue...
